build/app/intermediates/manifest_merge_blame_file/prodRelease/manifest-merger-blame-prod-release-report.txt
1<?xml version="1.0" encoding="utf-8"?>
2<manifest xmlns:android="http://schemas.android.com/apk/res/android"
3    package="com.example.flutter_test_update"
4    android:versionCode="1"
5    android:versionName="1.0.1" >
6
7    <uses-sdk
8        android:minSdkVersion="21"
8-->src\main\AndroidManifest.xml
9        android:targetSdkVersion="34" />
9-->src\main\AndroidManifest.xml
10
11    <uses-permission android:name="android.permission.INTERNET" />
11-->src\main\AndroidManifest.xml:3:5-66
11-->src\main\AndroidManifest.xml:3:22-64
12    <uses-permission android:name="android.permission.WRITE_EXTERNAL_STORAGE" />
12-->src\main\AndroidManifest.xml:4:5-80
12-->src\main\AndroidManifest.xml:4:22-78
13    <uses-permission android:name="android.permission.REQUEST_INSTALL_PACKAGES" />
13-->src\main\AndroidManifest.xml:5:5-82
13-->src\main\AndroidManifest.xml:5:22-80
14    <!--
15         Required to query activities that can process text, see:
16         https://developer.android.com/training/package-visibility and
17         https://developer.android.com/reference/android/content/Intent#ACTION_PROCESS_TEXT.
18
19         In particular, this is used by the Flutter engine in io.flutter.plugin.text.ProcessTextPlugin.
20    -->
21    <queries>
21-->src\main\AndroidManifest.xml:54:5-59:15
22        <intent>
22-->src\main\AndroidManifest.xml:55:9-58:18
23            <action android:name="android.intent.action.PROCESS_TEXT" />
23-->src\main\AndroidManifest.xml:56:13-72
23-->src\main\AndroidManifest.xml:56:21-70
24
25            <data android:mimeType="text/plain" />
25-->src\main\AndroidManifest.xml:57:13-50
25-->src\main\AndroidManifest.xml:57:19-48
26        </intent>
27    </queries>
28
29    <uses-permission android:name="android.permission.ACCESS_NETWORK_STATE" />
29-->[:ota_update] AndroidManifest.xml:10:5-79
29-->[:ota_update] AndroidManifest.xml:10:22-76
30    <uses-permission android:name="android.permission.ACCESS_WIFI_STATE" />
30-->[:ota_update] AndroidManifest.xml:11:5-76
30-->[:ota_update] AndroidManifest.xml:11:22-73
31    <uses-permission android:name="android.permission.READ_EXTERNAL_STORAGE" />
32
33    <application
34        android:name="android.app.Application"
34-->src\main\AndroidManifest.xml:9:9-42
35        android:appComponentFactory="androidx.core.app.CoreComponentFactory"
35-->[androidx.core:core:1.6.0] AndroidManifest.xml:24:18-86
36        android:icon="@mipmap/ic_launcher"
36-->src\main\AndroidManifest.xml:10:9-43
37        android:label="flutter_test_update"
37-->src\main\AndroidManifest.xml:8:9-44
38        android:networkSecurityConfig="@xml/network_security_config" >
38-->src\main\AndroidManifest.xml:7:9-69
39        <activity
39-->src\main\AndroidManifest.xml:11:9-32:20
40            android:name="com.example.flutter_test_update.MainActivity"
40-->src\main\AndroidManifest.xml:12:13-41
41            android:configChanges="orientation|keyboardHidden|keyboard|screenSize|smallestScreenSize|locale|layoutDirection|fontScale|screenLayout|density|uiMode"
41-->src\main\AndroidManifest.xml:17:13-163
42            android:exported="true"
42-->src\main\AndroidManifest.xml:13:13-36
43            android:hardwareAccelerated="true"
43-->src\main\AndroidManifest.xml:18:13-47
44            android:launchMode="singleTop"
44-->src\main\AndroidManifest.xml:14:13-43
45            android:taskAffinity=""
45-->src\main\AndroidManifest.xml:15:13-36
46            android:theme="@style/LaunchTheme"
46-->src\main\AndroidManifest.xml:16:13-47
47            android:windowSoftInputMode="adjustResize" >
47-->src\main\AndroidManifest.xml:19:13-55
48
49            <!--
50                 Specifies an Android theme to apply to this Activity as soon as
51                 the Android process has started. This theme is visible to the user
52                 while the Flutter UI initializes. After that, this theme continues
53                 to determine the Window background behind the Flutter UI.
54            -->
55            <meta-data
55-->src\main\AndroidManifest.xml:24:13-27:17
56                android:name="io.flutter.embedding.android.NormalTheme"
56-->src\main\AndroidManifest.xml:25:15-70
57                android:resource="@style/NormalTheme" />
57-->src\main\AndroidManifest.xml:26:15-52
58
59            <intent-filter>
59-->src\main\AndroidManifest.xml:28:13-31:29
60                <action android:name="android.intent.action.MAIN" />
60-->src\main\AndroidManifest.xml:29:17-68
60-->src\main\AndroidManifest.xml:29:25-66
61
62                <category android:name="android.intent.category.LAUNCHER" />
62-->src\main\AndroidManifest.xml:30:17-76
62-->src\main\AndroidManifest.xml:30:27-74
63            </intent-filter>
64        </activity>
65        <!--
66             Don't delete the meta-data below.
67             This is used by the Flutter tool to generate GeneratedPluginRegistrant.java
68        -->
69        <meta-data
69-->src\main\AndroidManifest.xml:35:9-37:33
70            android:name="flutterEmbedding"
70-->src\main\AndroidManifest.xml:36:13-44
71            android:value="2" />
71-->src\main\AndroidManifest.xml:37:13-30
72        <!-- This is added provider to allow use ota_update functionality -->
73        <provider
74            android:name="sk.fourq.otaupdate.OtaUpdateFileProvider"
74-->src\main\AndroidManifest.xml:40:13-68
75            android:authorities="com.example.flutter_test_update.ota_update_provider"
75-->src\main\AndroidManifest.xml:41:13-71
76            android:exported="false"
76-->src\main\AndroidManifest.xml:42:13-37
77            android:grantUriPermissions="true" >
77-->src\main\AndroidManifest.xml:43:13-47
78            <meta-data
78-->src\main\AndroidManifest.xml:44:13-46:53
79                android:name="android.support.FILE_PROVIDER_PATHS"
79-->src\main\AndroidManifest.xml:45:17-67
80                android:resource="@xml/filepaths" />
80-->src\main\AndroidManifest.xml:46:17-50
81        </provider>
82
83        <uses-library
83-->[androidx.window:window:1.0.0-beta04] AndroidManifest.xml:25:9-27:40
84            android:name="androidx.window.extensions"
84-->[androidx.window:window:1.0.0-beta04] AndroidManifest.xml:26:13-54
85            android:required="false" />
85-->[androidx.window:window:1.0.0-beta04] AndroidManifest.xml:27:13-37
86        <uses-library
86-->[androidx.window:window:1.0.0-beta04] AndroidManifest.xml:28:9-30:40
87            android:name="androidx.window.sidecar"
87-->[androidx.window:window:1.0.0-beta04] AndroidManifest.xml:29:13-51
88            android:required="false" />
88-->[androidx.window:window:1.0.0-beta04] AndroidManifest.xml:30:13-37
89    </application>
90
91</manifest>